# JRE version: Java(TM) SE Runtime Environment (8.0_121-b13) (build 1.8.0_121-b13)
# Java VM: Java HotSpot(TM) 64-Bit Server VM (25.121-b13 mixed mode linux-amd64 compressed oops)
Heap:
 PSYoungGen      total 137216K, used 4226K [0x00000000d7180000, 0x00000000e0d80000, 0x0000000100000000)
  eden space 120832K, 0% used [0x00000000d7180000,0x00000000d7180000,0x00000000de780000)
  from space 16384K, 25% used [0x00000000de780000,0x00000000deba0b08,0x00000000df780000)
  to   space 10240K, 0% used [0x00000000df780000,0x00000000df780000,0x00000000e0180000)
 ParOldGen       total 74752K, used 25135K [0x0000000085400000, 0x0000000089d00000, 0x00000000d7180000)
  object space 74752K, 33% used [0x0000000085400000,0x0000000086c8be88,0x0000000089d00000)
 Metaspace       used 22139K, capacity 22966K, committed 23088K, reserved 1069056K
  class space    used 2578K, capacity 2803K, committed 2864K, reserved 1048576K
GC Heap History (10 events):
Event: 7,210 GC heap after
Heap after GC invocations=3 (full 0):
 PSYoungGen      total 68608K, used 5104K [0x00000000d7180000, 0x00000000db980000, 0x0000000100000000)
  eden space 63488K, 0% used [0x00000000d7180000,0x00000000d7180000,0x00000000daf80000)
  from space 5120K, 99% used [0x00000000daf80000,0x00000000db47c050,0x00000000db480000)
  to   space 5120K, 0% used [0x00000000db480000,0x00000000db480000,0x00000000db980000)
 ParOldGen       total 84992K, used 4142K [0x0000000085400000, 0x000000008a700000, 0x00000000d7180000)
  object space 84992K, 4% used [0x0000000085400000,0x000000008580b970,0x000000008a700000)
 Metaspace       used 13971K, capacity 14382K, committed 14720K, reserved 1062912K
  class space    used 1700K, capacity 1803K, committed 1920K, reserved 1048576K
}
Event: 13,640 GC heap before
{Heap before GC invocations=4 (full 0):
 PSYoungGen      total 68608K, used 68592K [0x00000000d7180000, 0x00000000db980000, 0x0000000100000000)
  eden space 63488K, 100% used [0x00000000d7180000,0x00000000daf80000,0x00000000daf80000)
  from space 5120K, 99% used [0x00000000daf80000,0x00000000db47c050,0x00000000db480000)
  to   space 5120K, 0% used [0x00000000db480000,0x00000000db480000,0x00000000db980000)
 ParOldGen       total 84992K, used 4142K [0x0000000085400000, 0x000000008a700000, 0x00000000d7180000)
  object space 84992K, 4% used [0x0000000085400000,0x000000008580b970,0x000000008a700000)
 Metaspace       used 14846K, capacity 15302K, committed 15488K, reserved 1062912K
  class space    used 1757K, capacity 1875K, committed 1920K, reserved 1048576K
Event: 13,701 GC heap after
Heap after GC invocations=4 (full 0):
 PSYoungGen      total 68608K, used 5104K [0x00000000d7180000, 0x00000000db980000, 0x0000000100000000)
  eden space 63488K, 0% used [0x00000000d7180000,0x00000000d7180000,0x00000000daf80000)
  from space 5120K, 99% used [0x00000000db480000,0x00000000db97c010,0x00000000db980000)
  to   space 5120K, 0% used [0x00000000daf80000,0x00000000daf80000,0x00000000db480000)
 ParOldGen       total 84992K, used 7274K [0x0000000085400000, 0x000000008a700000, 0x00000000d7180000)
  object space 84992K, 8% used [0x0000000085400000,0x0000000085b1a988,0x000000008a700000)
 Metaspace       used 14846K, capacity 15302K, committed 15488K, reserved 1062912K
  class space    used 1757K, capacity 1875K, committed 1920K, reserved 1048576K
}
Event: 16,351 GC heap before
{Heap before GC invocations=5 (full 0):
 PSYoungGen      total 68608K, used 68584K [0x00000000d7180000, 0x00000000db980000, 0x0000000100000000)
  eden space 63488K, 99% used [0x00000000d7180000,0x00000000daf7e0d8,0x00000000daf80000)
  from space 5120K, 99% used [0x00000000db480000,0x00000000db97c010,0x00000000db980000)
  to   space 5120K, 0% used [0x00000000daf80000,0x00000000daf80000,0x00000000db480000)
 ParOldGen       total 84992K, used 7274K [0x0000000085400000, 0x000000008a700000, 0x00000000d7180000)
  object space 84992K, 8% used [0x0000000085400000,0x0000000085b1a988,0x000000008a700000)
 Metaspace       used 19165K, capacity 19714K, committed 19968K, reserved 1067008K
  class space    used 2314K, capacity 2475K, committed 2560K, reserved 1048576K
Event: 16,426 GC heap after
Heap after GC invocations=5 (full 0):
 PSYoungGen      total 68608K, used 5119K [0x00000000d7180000, 0x00000000e0180000, 0x0000000100000000)
  eden space 63488K, 0% used [0x00000000d7180000,0x00000000d7180000,0x00000000daf80000)
  from space 5120K, 99% used [0x00000000daf80000,0x00000000db47fcf0,0x00000000db480000)
  to   space 10240K, 0% used [0x00000000df780000,0x00000000df780000,0x00000000e0180000)
 ParOldGen       total 84992K, used 10392K [0x0000000085400000, 0x000000008a700000, 0x00000000d7180000)
  object space 84992K, 12% used [0x0000000085400000,0x0000000085e26330,0x000000008a700000)
 Metaspace       used 19165K, capacity 19714K, committed 19968K, reserved 1067008K
  class space    used 2314K, capacity 2475K, committed 2560K, reserved 1048576K
}
Event: 20,631 GC heap before
{Heap before GC invocations=6 (full 0):
 PSYoungGen      total 68608K, used 58265K [0x00000000d7180000, 0x00000000e0180000, 0x0000000100000000)
  eden space 63488K, 83% used [0x00000000d7180000,0x00000000da566830,0x00000000daf80000)
  from space 5120K, 99% used [0x00000000daf80000,0x00000000db47fcf0,0x00000000db480000)
  to   space 10240K, 0% used [0x00000000df780000,0x00000000df780000,0x00000000e0180000)
 ParOldGen       total 84992K, used 10392K [0x0000000085400000, 0x000000008a700000, 0x00000000d7180000)
  object space 84992K, 12% used [0x0000000085400000,0x0000000085e26330,0x000000008a700000)
 Metaspace       used 20672K, capacity 21254K, committed 21296K, reserved 1069056K
  class space    used 2409K, capacity 2579K, committed 2608K, reserved 1048576K
Event: 20,689 GC heap after
Heap after GC invocations=6 (full 0):
 PSYoungGen      total 131072K, used 10214K [0x00000000d7180000, 0x00000000e0d80000, 0x0000000100000000)
  eden space 120832K, 0% used [0x00000000d7180000,0x00000000d7180000,0x00000000de780000)
  from space 10240K, 99% used [0x00000000df780000,0x00000000e0179b78,0x00000000e0180000)
  to   space 16384K, 0% used [0x00000000de780000,0x00000000de780000,0x00000000df780000)
 ParOldGen       total 84992K, used 18731K [0x0000000085400000, 0x000000008a700000, 0x00000000d7180000)
  object space 84992K, 22% used [0x0000000085400000,0x000000008664afb0,0x000000008a700000)
 Metaspace       used 20672K, capacity 21254K, committed 21296K, reserved 1069056K
  class space    used 2409K, capacity 2579K, committed 2608K, reserved 1048576K
}
Event: 20,689 GC heap before
{Heap before GC invocations=7 (full 1):
 PSYoungGen      total 131072K, used 10214K [0x00000000d7180000, 0x00000000e0d80000, 0x0000000100000000)
  eden space 120832K, 0% used [0x00000000d7180000,0x00000000d7180000,0x00000000de780000)
  from space 10240K, 99% used [0x00000000df780000,0x00000000e0179b78,0x00000000e0180000)
  to   space 16384K, 0% used [0x00000000de780000,0x00000000de780000,0x00000000df780000)
 ParOldGen       total 84992K, used 18731K [0x0000000085400000, 0x000000008a700000, 0x00000000d7180000)
  object space 84992K, 22% used [0x0000000085400000,0x000000008664afb0,0x000000008a700000)
 Metaspace       used 20672K, capacity 21254K, committed 21296K, reserved 1069056K
  class space    used 2409K, capacity 2579K, committed 2608K, reserved 1048576K
Event: 20,814 GC heap after
Heap after GC invocations=7 (full 1):
 PSYoungGen      total 131072K, used 0K [0x00000000d7180000, 0x00000000e0d80000, 0x0000000100000000)
  eden space 120832K, 0% used [0x00000000d7180000,0x00000000d7180000,0x00000000de780000)
  from space 10240K, 0% used [0x00000000df780000,0x00000000df780000,0x00000000e0180000)
  to   space 16384K, 0% used [0x00000000de780000,0x00000000de780000,0x00000000df780000)
 ParOldGen       total 74752K, used 25127K [0x0000000085400000, 0x0000000089d00000, 0x00000000d7180000)
  object space 74752K, 33% used [0x0000000085400000,0x0000000086c89e88,0x0000000089d00000)
 Metaspace       used 20672K, capacity 21254K, committed 21296K, reserved 1069056K
  class space    used 2409K, capacity 2579K, committed 2608K, reserved 1048576K
}
Event: 1221,398 GC heap before
{Heap before GC invocations=8 (full 1):
 PSYoungGen      total 131072K, used 120832K [0x00000000d7180000, 0x00000000e0d80000, 0x0000000100000000)
  eden space 120832K, 100% used [0x00000000d7180000,0x00000000de780000,0x00000000de780000)
  from space 10240K, 0% used [0x00000000df780000,0x00000000df780000,0x00000000e0180000)
  to   space 16384K, 0% used [0x00000000de780000,0x00000000de780000,0x00000000df780000)
 ParOldGen       total 74752K, used 25127K [0x0000000085400000, 0x0000000089d00000, 0x00000000d7180000)
  object space 74752K, 33% used [0x0000000085400000,0x0000000086c89e88,0x0000000089d00000)
 Metaspace       used 22139K, capacity 22966K, committed 23088K, reserved 1069056K
  class space    used 2578K, capacity 2803K, committed 2864K, reserved 1048576K

